<?xml version="1.0" encoding="UTF-8"?>
<!-- Generated by org.testng.reporters.JUnitXMLReporter -->
<testsuite ignored="4" hostname="kero-shafik" failures="0" tests="2" name="End-To-End FrameWork Test" time="45.735" errors="0" timestamp="30 Jul 2024 08:40:18 GMT">
  <testcase classname="org.rahulshetty.FormPageTest" name="FillForm_HappyScenario" time="12.314"/>
  <testcase classname="org.rahulshetty.FormPageTest" name="FillForm_HappyScenario" time="12.832"/>
  <testcase classname="org.rahulshetty.ProductPageTest" name="productTest" time="0.0">
    <ignored/>
  </testcase> <!-- productTest -->
  <testcase classname="org.rahulshetty.ProductPageTest" name="ProductTest_ValidationMsg" time="0.0">
    <ignored/>
  </testcase> <!-- ProductTest_ValidationMsg -->
  <testcase classname="org.rahulshetty.CartPageTest" name="TestCart" time="0.0">
    <ignored/>
  </testcase> <!-- TestCart -->
  <testcase classname="org.rahulshetty.FormPageTest" name="FillForm_ErrorValidation" time="0.0">
    <ignored/>
  </testcase> <!-- FillForm_ErrorValidation -->
</testsuite> <!-- End-To-End FrameWork Test -->
