<?xml version="1.0" encoding="UTF-8"?>
<!-- Generated by org.testng.reporters.JUnitXMLReporter -->
<testsuite ignored="0" hostname="kero-shafik" failures="1" tests="6" name="End-To-End FrameWork Test" time="176.847" errors="0" timestamp="30 Jul 2024 08:43:32 GMT">
  <testcase classname="org.rahulshetty.FormPageTest" name="FillForm_HappyScenario" time="11.346"/>
  <testcase classname="org.rahulshetty.FormPageTest" name="FillForm_HappyScenario" time="12.793"/>
  <testcase classname="org.rahulshetty.ProductPageTest" name="ProductTest_ValidationMsg" time="15.813">
    <failure type="org.openqa.selenium.TimeoutException" message="Expected condition failed: waiting for visibility of element located by By.xpath: //android.widget.Toast[@text=&amp;quot;Toast message&amp;quot;] (tried for 1 second(s) with 500 milliseconds interval)
Build info: version: &amp;apos;4.23.0&amp;apos;, revision: &amp;apos;4df0a231af&amp;apos;
System info: os.name: &amp;apos;Windows 10&amp;apos;, os.arch: &amp;apos;amd64&amp;apos;, os.version: &amp;apos;10.0&amp;apos;, java.version: &amp;apos;15.0.2&amp;apos;
Driver info: io.appium.java_client.android.AndroidDriver
Capabilities {appium:app: D:\Automation.Michael\Appiu..., appium:appPackage: com.androidsample.generalstore, appium:automationName: UIAutomator2, appium:databaseEnabled: false, appium:desired: {app: D:\Automation.Michael\Appiu..., automationName: UIAutomator2, platformName: ANDROID}, appium:deviceApiLevel: 26, appium:deviceManufacturer: Google, appium:deviceModel: Android SDK built for x86, appium:deviceName: emulator-5554, appium:deviceScreenDensity: 480, appium:deviceScreenSize: 1080x1920, appium:deviceUDID: emulator-5554, appium:javascriptEnabled: true, appium:locationContextEnabled: false, appium:networkConnectionEnabled: true, appium:pixelRatio: 3, appium:platformVersion: 8.0.0, appium:statBarHeight: 72, appium:takesScreenshot: true, appium:viewportRect: {height: 1848, left: 0, top: 72, width: 1080}, appium:warnings: {}, appium:webStorageEnabled: false, platformName: ANDROID}
Session ID: 548fd162-62fc-4480-9b20-f0a6daf087fb">
      <![CDATA[org.openqa.selenium.TimeoutException: Expected condition failed: waiting for visibility of element located by By.xpath: //android.widget.Toast[@text="Toast message"] (tried for 1 second(s) with 500 milliseconds interval)
Build info: version: '4.23.0', revision: '4df0a231af'
System info: os.name: 'Windows 10', os.arch: 'amd64', os.version: '10.0', java.version: '15.0.2'
Driver info: io.appium.java_client.android.AndroidDriver
Capabilities {appium:app: D:\Automation.Michael\Appiu..., appium:appPackage: com.androidsample.generalstore, appium:automationName: UIAutomator2, appium:databaseEnabled: false, appium:desired: {app: D:\Automation.Michael\Appiu..., automationName: UIAutomator2, platformName: ANDROID}, appium:deviceApiLevel: 26, appium:deviceManufacturer: Google, appium:deviceModel: Android SDK built for x86, appium:deviceName: emulator-5554, appium:deviceScreenDensity: 480, appium:deviceScreenSize: 1080x1920, appium:deviceUDID: emulator-5554, appium:javascriptEnabled: true, appium:locationContextEnabled: false, appium:networkConnectionEnabled: true, appium:pixelRatio: 3, appium:platformVersion: 8.0.0, appium:statBarHeight: 72, appium:takesScreenshot: true, appium:viewportRect: {height: 1848, left: 0, top: 72, width: 1080}, appium:warnings: {}, appium:webStorageEnabled: false, platformName: ANDROID}
Session ID: 548fd162-62fc-4480-9b20-f0a6daf087fb
at org.openqa.selenium.support.ui.WebDriverWait.timeoutException(WebDriverWait.java:84)
at org.openqa.selenium.support.ui.FluentWait.until(FluentWait.java:228)
at org.rahulshetty.ProductPageTest.ProductTest_ValidationMsg(ProductPageTest.java:42)
... Removed 25 stack frames]]>
    </failure>
  </testcase> <!-- ProductTest_ValidationMsg -->
  <testcase classname="org.rahulshetty.ProductPageTest" name="productTest" time="32.288"/>
  <testcase classname="org.rahulshetty.CartPageTest" name="TestCart" time="43.588"/>
  <testcase classname="org.rahulshetty.FormPageTest" name="FillForm_ErrorValidation" time="19.106"/>
</testsuite> <!-- End-To-End FrameWork Test -->
