<?xml version="1.0" encoding="UTF-8"?>
<!-- Generated by org.testng.reporters.JUnitXMLReporter -->
<testsuite ignored="0" hostname="kero-shafik" failures="0" tests="3" name="Default test" time="67.739" errors="0" timestamp="01 Aug 2024 07:20:23 GMT">
  <testcase classname="org.rahulshetty.FormPageTest" name="FillForm_HappyScenario" time="12.694"/>
  <testcase classname="org.rahulshetty.FormPageTest" name="FillForm_HappyScenario" time="13.048"/>
  <testcase classname="org.rahulshetty.FormPageTest" name="FillForm_ErrorValidation" time="18.687"/>
</testsuite> <!-- Default test -->
