<?xml version="1.0" encoding="UTF-8"?>
<testng-results ignored="0" total="3" passed="3" failed="0" skipped="0">
  <reporter-output>
  </reporter-output>
  <suite started-at="2024-08-01T07:19:16Z" name="Default suite" finished-at="2024-08-01T07:20:23Z" duration-ms="67739">
    <groups>
      <group name="smoke">
        <method signature="FormPageTest.FillForm_HappyScenario(java.util.HashMap)[pri:0, instance:org.rahulshetty.FormPageTest@18151a14]" name="FillForm_HappyScenario" class="org.rahulshetty.FormPageTest"/>
      </group> <!-- smoke -->
    </groups>
    <test started-at="2024-08-01T07:19:16Z" name="Default test" finished-at="2024-08-01T07:20:23Z" duration-ms="67739">
      <class name="org.rahulshetty.FormPageTest">
        <test-method is-config="true" signature="ConfigureAppium()[pri:0, instance:org.rahulshetty.FormPageTest@18151a14]" started-at="2024-08-01T07:19:16Z" name="ConfigureAppium" finished-at="2024-08-01T07:19:25Z" duration-ms="9215" status="PASS">
          <reporter-output>
          </reporter-output>
        </test-method> <!-- ConfigureAppium -->
        <test-method signature="FillForm_HappyScenario(java.util.HashMap)[pri:0, instance:org.rahulshetty.FormPageTest@18151a14]" started-at="2024-08-01T07:19:25Z" name="FillForm_HappyScenario" data-provider="getData" finished-at="2024-08-01T07:19:38Z" duration-ms="12694" status="PASS">
          <params>
            <param index="0">
              <value>
                <![CDATA[{name=Kero, country=Albania, gender=male}]]>
              </value>
            </param>
          </params>
          <reporter-output>
          </reporter-output>
        </test-method> <!-- FillForm_HappyScenario -->
        <test-method is-config="true" signature="tearDown()[pri:0, instance:org.rahulshetty.FormPageTest@18151a14]" started-at="2024-08-01T07:19:38Z" name="tearDown" finished-at="2024-08-01T07:19:38Z" duration-ms="373" status="PASS">
          <reporter-output>
          </reporter-output>
        </test-method> <!-- tearDown -->
        <test-method is-config="true" signature="ConfigureAppium()[pri:0, instance:org.rahulshetty.FormPageTest@18151a14]" started-at="2024-08-01T07:19:38Z" name="ConfigureAppium" finished-at="2024-08-01T07:19:45Z" duration-ms="6198" status="PASS">
          <reporter-output>
          </reporter-output>
        </test-method> <!-- ConfigureAppium -->
        <test-method signature="FillForm_HappyScenario(java.util.HashMap)[pri:0, instance:org.rahulshetty.FormPageTest@18151a14]" started-at="2024-08-01T07:19:45Z" name="FillForm_HappyScenario" data-provider="getData" finished-at="2024-08-01T07:19:58Z" duration-ms="13048" status="PASS">
          <params>
            <param index="0">
              <value>
                <![CDATA[{name=Maria, country=Angola, gender=female}]]>
              </value>
            </param>
          </params>
          <reporter-output>
          </reporter-output>
        </test-method> <!-- FillForm_HappyScenario -->
        <test-method is-config="true" signature="tearDown()[pri:0, instance:org.rahulshetty.FormPageTest@18151a14]" started-at="2024-08-01T07:19:58Z" name="tearDown" finished-at="2024-08-01T07:19:58Z" duration-ms="505" status="PASS">
          <reporter-output>
          </reporter-output>
        </test-method> <!-- tearDown -->
        <test-method is-config="true" signature="ConfigureAppium()[pri:0, instance:org.rahulshetty.FormPageTest@18151a14]" started-at="2024-08-01T07:19:58Z" name="ConfigureAppium" finished-at="2024-08-01T07:20:04Z" duration-ms="6050" status="PASS">
          <reporter-output>
          </reporter-output>
        </test-method> <!-- ConfigureAppium -->
        <test-method signature="FillForm_ErrorValidation()[pri:1, instance:org.rahulshetty.FormPageTest@18151a14]" started-at="2024-08-01T07:20:04Z" name="FillForm_ErrorValidation" finished-at="2024-08-01T07:20:23Z" duration-ms="18687" status="PASS">
          <reporter-output>
          </reporter-output>
        </test-method> <!-- FillForm_ErrorValidation -->
        <test-method is-config="true" signature="tearDown()[pri:0, instance:org.rahulshetty.FormPageTest@18151a14]" started-at="2024-08-01T07:20:23Z" name="tearDown" finished-at="2024-08-01T07:20:23Z" duration-ms="370" status="PASS">
          <reporter-output>
          </reporter-output>
        </test-method> <!-- tearDown -->
      </class> <!-- org.rahulshetty.FormPageTest -->
    </test> <!-- Default test -->
  </suite> <!-- Default suite -->
</testng-results>
