<?xml version="1.0" encoding="UTF-8"?>
<!-- Generated by org.testng.reporters.JUnitXMLReporter -->
<testsuite ignored="0" hostname="kero-shafik" failures="0" tests="3" name="FullCycleTestTest" time="142.599" errors="0" timestamp="2024-07-24T09:18:39 EET">
  <testcase classname="org.rahulshetty.CartPageTest" name="TestCart" time="46.291"/>
  <testcase classname="org.rahulshetty.FormPageTest" name="FillForm" time="27.117"/>
  <testcase classname="org.rahulshetty.ProductPageTest" name="productText" time="40.054"/>
</testsuite> <!-- FullCycleTestTest -->
